<?xml version="1.0" encoding="UTF-8"?>
<testng-results ignored="0" total="1" passed="1" failed="0" skipped="0">
  <reporter-output>
  </reporter-output>
  <suite started-at="2022-04-30T07:48:01 EET" name="Surefire suite" finished-at="2022-04-30T07:48:01 EET" duration-ms="40">
    <groups>
    </groups>
    <test started-at="2022-04-30T07:48:01 EET" name="Surefire test" finished-at="2022-04-30T07:48:01 EET" duration-ms="40">
      <class name="interviewProject.AppTest">
        <test-method signature="shouldAnswerWithTrue()" started-at="2022-04-30T07:48:01 EET" name="shouldAnswerWithTrue" finished-at="2022-04-30T07:48:01 EET" duration-ms="4" status="PASS">
          <reporter-output>
          </reporter-output>
        </test-method> <!-- shouldAnswerWithTrue -->
      </class> <!-- interviewProject.AppTest -->
    </test> <!-- Surefire test -->
  </suite> <!-- Surefire suite -->
</testng-results>
